[INFO   ] Logger: Record log in /storage/emulated/0/Documents/Pydroid3/.kivy/logs/kivy_24-08-15_18.txt
[INFO   ] Kivy: v2.2.1
[INFO   ] Kivy: Installed at "/data/user/0/ru.iiec.pydroid3/files/aarch64-linux-android/lib/python3.11/site-packages/kivy/__init__.py"
[INFO   ] Python: v3.11.4 (main, Sep 30 2023, 10:54:38) [GCC 11.4.0]
[INFO   ] Python: Interpreter at "/data/user/0/ru.iiec.pydroid3/files/aarch64-linux-android/bin/python3"
[INFO   ] Logger: Purge log fired. Processing...
[INFO   ] Logger: Purge finished!
[INFO   ] Factory: 190 symbols loaded
[INFO   ] Image: Providers: img_tex, img_dds, img_sdl2, img_pil (img_ffpyplayer ignored)
[INFO   ] Text: Provider: sdl2
[INFO   ] Window: Provider: sdl2
[INFO   ] GL: Using the "OpenGL ES 2" graphics system
[INFO   ] GL: Backend used <sdl2>
[INFO   ] GL: OpenGL version <b'OpenGL ES 3.2 v1.r34p0-01eac0.647697edc2c1e52dec0a7e587b626ab2'>
[INFO   ] GL: OpenGL vendor <b'ARM'>
[INFO   ] GL: OpenGL renderer <b'Mali-G57'>
[INFO   ] GL: OpenGL parsed version: 3, 2
[INFO   ] GL: Texture max size <16383>
[INFO   ] GL: Texture max units <128>
[INFO   ] Window: auto add sdl2 input provider
[INFO   ] Window: virtual keyboard not allowed, single mode, not docked
[WARNING] Base: Unknown <android> provider
[INFO   ] Base: Start application main loop
[INFO   ] GL: NPOT texture support is available
[INFO   ] Base: Leaving application in progress...
[WARNING] stderr: Traceback (most recent call last):
[WARNING] stderr:   File "kivy/properties.pyx", line 1443, in kivy.properties.ReferenceListProperty.convert
[WARNING] stderr: TypeError: 'NoneType' object is not iterable
[WARNING] stderr: 
[WARNING] stderr: The above exception was the direct cause of the following exception:
[WARNING] stderr: 
[WARNING] stderr: Traceback (most recent call last):
[WARNING] stderr:   File "/storage/emulated/0/Documents/Pydroid3/TKpro.py", line 93, in <module>
[WARNING] stderr:   File "/data/user/0/ru.iiec.pydroid3/files/aarch64-linux-android/lib/python3.11/site-packages/kivy/app.py", line 956, in run
[WARNING] stderr:     runTouchApp()
[WARNING] stderr:   File "/data/user/0/ru.iiec.pydroid3/files/aarch64-linux-android/lib/python3.11/site-packages/kivy/base.py", line 574, in runTouchApp
[WARNING] stderr:     EventLoop.mainloop()
[WARNING] stderr:   File "/data/user/0/ru.iiec.pydroid3/files/aarch64-linux-android/lib/python3.11/site-packages/kivy/base.py", line 339, in mainloop
[WARNING] stderr:     self.idle()
[WARNING] stderr:   File "/data/user/0/ru.iiec.pydroid3/files/aarch64-linux-android/lib/python3.11/site-packages/kivy/base.py", line 383, in idle
[WARNING] stderr:     self.dispatch_input()
[WARNING] stderr:   File "/data/user/0/ru.iiec.pydroid3/files/aarch64-linux-android/lib/python3.11/site-packages/kivy/base.py", line 334, in dispatch_input
[WARNING] stderr:     post_dispatch_input(*pop(0))
[WARNING] stderr:   File "/data/user/0/ru.iiec.pydroid3/files/aarch64-linux-android/lib/python3.11/site-packages/kivy/base.py", line 302, in post_dispatch_input
[WARNING] stderr:     wid.dispatch('on_touch_up', me)
[WARNING] stderr:   File "kivy/_event.pyx", line 731, in kivy._event.EventDispatcher.dispatch
[WARNING] stderr:   File "/data/user/0/ru.iiec.pydroid3/files/aarch64-linux-android/lib/python3.11/site-packages/kivy/uix/behaviors/button.py", line 179, in on_touch_up
[WARNING] stderr:     self.dispatch('on_release')
[WARNING] stderr:   File "kivy/_event.pyx", line 727, in kivy._event.EventDispatcher.dispatch
[WARNING] stderr:   File "kivy/_event.pyx", line 1307, in kivy._event.EventObservers.dispatch
[WARNING] stderr:   File "kivy/_event.pyx", line 1231, in kivy._event.EventObservers._dispatch
[WARNING] stderr:   File "/storage/emulated/0/Documents/Pydroid3/TKpro.py", line 56, in display_services_menu
[WARNING] stderr:   File "/storage/emulated/0/Documents/Pydroid3/TKpro.py", line 64, in display_popup
[WARNING] stderr:   File "/data/user/0/ru.iiec.pydroid3/files/aarch64-linux-android/lib/python3.11/site-packages/kivy/uix/recycleboxlayout.py", line 29, in __init__
[WARNING] stderr:     super(RecycleBoxLayout, self).__init__(**kwargs)
[WARNING] stderr:   File "/data/user/0/ru.iiec.pydroid3/files/aarch64-linux-android/lib/python3.11/site-packages/kivy/uix/recyclelayout.py", line 185, in __init__
[WARNING] stderr:     super(RecycleLayout, self).__init__(**kwargs)
[WARNING] stderr:   File "/data/user/0/ru.iiec.pydroid3/files/aarch64-linux-android/lib/python3.11/site-packages/kivy/uix/boxlayout.py", line 145, in __init__
[WARNING] stderr:     super(BoxLayout, self).__init__(**kwargs)
[WARNING] stderr:   File "/data/user/0/ru.iiec.pydroid3/files/aarch64-linux-android/lib/python3.11/site-packages/kivy/uix/layout.py", line 76, in __init__
[WARNING] stderr:     super(Layout, self).__init__(**kwargs)
[WARNING] stderr:   File "/data/user/0/ru.iiec.pydroid3/files/aarch64-linux-android/lib/python3.11/site-packages/kivy/uix/widget.py", line 357, in __init__
[WARNING] stderr:     super(Widget, self).__init__(**kwargs)
[WARNING] stderr:   File "kivy/_event.pyx", line 262, in kivy._event.EventDispatcher.__init__
[WARNING] stderr:   File "kivy/properties.pyx", line 520, in kivy.properties.Property.__set__
[WARNING] stderr:   File "kivy/properties.pyx", line 1460, in kivy.properties.ReferenceListProperty.set
[WARNING] stderr:   File "kivy/properties.pyx", line 1445, in kivy.properties.ReferenceListProperty.convert
[WARNING] stderr: ValueError: RecycleBoxLayout.default_size must be a list or a tuple type
