[INFO   ] Logger: Record log in /storage/emulated/0/Documents/Pydroid3/.kivy/logs/kivy_24-12-04_1.txt
[INFO   ] Kivy: v2.2.1
[INFO   ] Kivy: Installed at "/data/user/0/ru.iiec.pydroid3/files/aarch64-linux-android/lib/python3.11/site-packages/kivy/__init__.py"
[INFO   ] Python: v3.11.4 (main, Sep 30 2023, 10:54:38) [GCC 11.4.0]
[INFO   ] Python: Interpreter at "/data/user/0/ru.iiec.pydroid3/files/aarch64-linux-android/bin/python3"
[INFO   ] Logger: Purge log fired. Processing...
[INFO   ] Logger: Purge finished!
[INFO   ] Factory: 190 symbols loaded
[INFO   ] Image: Providers: img_tex, img_dds, img_sdl2, img_pil (img_ffpyplayer ignored)
[INFO   ] Text: Provider: sdl2
[INFO   ] Window: Provider: sdl2
[INFO   ] GL: Using the "OpenGL ES 2" graphics system
[INFO   ] GL: Backend used <sdl2>
[INFO   ] GL: OpenGL version <b'OpenGL ES 3.2 v1.r34p0-01eac0.647697edc2c1e52dec0a7e587b626ab2'>
[INFO   ] GL: OpenGL vendor <b'ARM'>
[INFO   ] GL: OpenGL renderer <b'Mali-G57'>
[INFO   ] GL: OpenGL parsed version: 3, 2
[INFO   ] GL: Texture max size <16383>
[INFO   ] GL: Texture max units <128>
[INFO   ] Window: auto add sdl2 input provider
[INFO   ] Window: virtual keyboard not allowed, single mode, not docked
[INFO   ] GL: NPOT texture support is available
[WARNING] Base: Unknown <android> provider
[INFO   ] Base: Start application main loop
[INFO   ] Base: Leaving application in progress...
[WARNING] stderr: Traceback (most recent call last):
[WARNING] stderr:   File "/storage/emulated/0/Documents/Pydroid3/Color HexaDecoder.py", line 48, in get_color_name
[WARNING] stderr:     rgb = webcolors.hex_to_rgb(hex_code)
[WARNING] stderr:           ^^^^^^^^^^^^^^^^^^^^^^^^^^^^^^
[WARNING] stderr:   File "/data/user/0/ru.iiec.pydroid3/files/aarch64-linux-android/lib/python3.11/site-packages/webcolors/conversion.py", line 176, in hex_to_rgb
[WARNING] stderr:     int_value = int(normalization.normalize_hex(hex_value)[1:], 16)
[WARNING] stderr:                     ^^^^^^^^^^^^^^^^^^^^^^^^^^^^^^^^^^^^^^
[WARNING] stderr:   File "/data/user/0/ru.iiec.pydroid3/files/aarch64-linux-android/lib/python3.11/site-packages/webcolors/normalization.py", line 46, in normalize_hex
[WARNING] stderr:     raise ValueError(f'"{hex_value}" is not a valid hexadecimal color value.')
[WARNING] stderr: ValueError: "f1f1f1" is not a valid hexadecimal color value.
[WARNING] stderr: 
[WARNING] stderr: During handling of the above exception, another exception occurred:
[WARNING] stderr: 
[WARNING] stderr: Traceback (most recent call last):
[WARNING] stderr:   File "/storage/emulated/0/Documents/Pydroid3/Color HexaDecoder.py", line 55, in <module>
[WARNING] stderr:     ColorDetectorApp().run()
[WARNING] stderr:   File "/data/user/0/ru.iiec.pydroid3/files/aarch64-linux-android/lib/python3.11/site-packages/kivy/app.py", line 956, in run
[WARNING] stderr:     runTouchApp()
[WARNING] stderr:   File "/data/user/0/ru.iiec.pydroid3/files/aarch64-linux-android/lib/python3.11/site-packages/kivy/base.py", line 574, in runTouchApp
[WARNING] stderr:     EventLoop.mainloop()
[WARNING] stderr:   File "/data/user/0/ru.iiec.pydroid3/files/aarch64-linux-android/lib/python3.11/site-packages/kivy/base.py", line 339, in mainloop
[WARNING] stderr:     self.idle()
[WARNING] stderr:   File "/data/user/0/ru.iiec.pydroid3/files/aarch64-linux-android/lib/python3.11/site-packages/kivy/base.py", line 383, in idle
[WARNING] stderr:     self.dispatch_input()
[WARNING] stderr:   File "/data/user/0/ru.iiec.pydroid3/files/aarch64-linux-android/lib/python3.11/site-packages/kivy/base.py", line 334, in dispatch_input
[WARNING] stderr:     post_dispatch_input(*pop(0))
[WARNING] stderr:   File "/data/user/0/ru.iiec.pydroid3/files/aarch64-linux-android/lib/python3.11/site-packages/kivy/base.py", line 263, in post_dispatch_input
[WARNING] stderr:     listener.dispatch('on_motion', etype, me)
[WARNING] stderr:   File "kivy/_event.pyx", line 731, in kivy._event.EventDispatcher.dispatch
[WARNING] stderr:   File "/data/user/0/ru.iiec.pydroid3/files/aarch64-linux-android/lib/python3.11/site-packages/kivy/core/window/__init__.py", line 1691, in on_motion
[WARNING] stderr:     self.dispatch('on_touch_down', me)
[WARNING] stderr:   File "kivy/_event.pyx", line 731, in kivy._event.EventDispatcher.dispatch
[WARNING] stderr:   File "/data/user/0/ru.iiec.pydroid3/files/aarch64-linux-android/lib/python3.11/site-packages/kivy/core/window/__init__.py", line 1708, in on_touch_down
[WARNING] stderr:     if w.dispatch('on_touch_down', touch):
[WARNING] stderr:        ^^^^^^^^^^^^^^^^^^^^^^^^^^^^^^^^^^
[WARNING] stderr:   File "kivy/_event.pyx", line 731, in kivy._event.EventDispatcher.dispatch
[WARNING] stderr:   File "/data/user/0/ru.iiec.pydroid3/files/aarch64-linux-android/lib/python3.11/site-packages/kivy/uix/widget.py", line 589, in on_touch_down
[WARNING] stderr:     if child.dispatch('on_touch_down', touch):
[WARNING] stderr:        ^^^^^^^^^^^^^^^^^^^^^^^^^^^^^^^^^^^^^^
[WARNING] stderr:   File "kivy/_event.pyx", line 731, in kivy._event.EventDispatcher.dispatch
[WARNING] stderr:   File "/data/user/0/ru.iiec.pydroid3/files/aarch64-linux-android/lib/python3.11/site-packages/kivy/uix/behaviors/button.py", line 151, in on_touch_down
[WARNING] stderr:     self.dispatch('on_press')
[WARNING] stderr:   File "kivy/_event.pyx", line 727, in kivy._event.EventDispatcher.dispatch
[WARNING] stderr:   File "kivy/_event.pyx", line 1307, in kivy._event.EventObservers.dispatch
[WARNING] stderr:   File "kivy/_event.pyx", line 1231, in kivy._event.EventObservers._dispatch
[WARNING] stderr:   File "/storage/emulated/0/Documents/Pydroid3/Color HexaDecoder.py", line 51, in get_color_name
[WARNING] stderr:     color_name = self.closest_color(rgb)
[WARNING] stderr:                                     ^^^
[WARNING] stderr: UnboundLocalError: cannot access local variable 'rgb' where it is not associated with a value
